::1 - - [11/Feb/2016:19:42:18 -0600] "GET / HTTP/1.1" 302 - "-" "Mozilla/5.0 (Windows NT 6.3; WOW64) AppleWebKit/537.36 (KHTML, like Gecko) Chrome/48.0.2564.109 Safari/537.36"
::1 - - [11/Feb/2016:19:42:18 -0600] "GET /dashboard/ HTTP/1.1" 200 6903 "-" "Mozilla/5.0 (Windows NT 6.3; WOW64) AppleWebKit/537.36 (KHTML, like Gecko) Chrome/48.0.2564.109 Safari/537.36"
::1 - - [11/Feb/2016:19:42:18 -0600] "GET /dashboard/stylesheets/normalize.css HTTP/1.1" 200 6876 "http://localhost/dashboard/" "Mozilla/5.0 (Windows NT 6.3; WOW64) AppleWebKit/537.36 (KHTML, like Gecko) Chrome/48.0.2564.109 Safari/537.36"
::1 - - [11/Feb/2016:19:42:18 -0600] "GET /dashboard/stylesheets/all.css HTTP/1.1" 200 481308 "http://localhost/dashboard/" "Mozilla/5.0 (Windows NT 6.3; WOW64) AppleWebKit/537.36 (KHTML, like Gecko) Chrome/48.0.2564.109 Safari/537.36"
::1 - - [11/Feb/2016:19:42:18 -0600] "GET /dashboard/javascripts/modernizr.js HTTP/1.1" 200 51365 "http://localhost/dashboard/" "Mozilla/5.0 (Windows NT 6.3; WOW64) AppleWebKit/537.36 (KHTML, like Gecko) Chrome/48.0.2564.109 Safari/537.36"
::1 - - [11/Feb/2016:19:42:18 -0600] "GET /dashboard/images/xampp-logo.svg HTTP/1.1" 200 5427 "http://localhost/dashboard/" "Mozilla/5.0 (Windows NT 6.3; WOW64) AppleWebKit/537.36 (KHTML, like Gecko) Chrome/48.0.2564.109 Safari/537.36"
::1 - - [11/Feb/2016:19:42:18 -0600] "GET /dashboard/javascripts/all.js HTTP/1.1" 200 189003 "http://localhost/dashboard/" "Mozilla/5.0 (Windows NT 6.3; WOW64) AppleWebKit/537.36 (KHTML, like Gecko) Chrome/48.0.2564.109 Safari/537.36"
::1 - - [11/Feb/2016:19:42:18 -0600] "GET /dashboard/images/bitnami-xampp.png HTTP/1.1" 200 22133 "http://localhost/dashboard/" "Mozilla/5.0 (Windows NT 6.3; WOW64) AppleWebKit/537.36 (KHTML, like Gecko) Chrome/48.0.2564.109 Safari/537.36"
::1 - - [11/Feb/2016:19:42:18 -0600] "GET /dashboard/images/fastly-logo.png HTTP/1.1" 200 1770 "http://localhost/dashboard/" "Mozilla/5.0 (Windows NT 6.3; WOW64) AppleWebKit/537.36 (KHTML, like Gecko) Chrome/48.0.2564.109 Safari/537.36"
::1 - - [11/Feb/2016:19:42:18 -0600] "GET /dashboard/images/social-icons.png HTTP/1.1" 200 3361 "http://localhost/dashboard/stylesheets/all.css" "Mozilla/5.0 (Windows NT 6.3; WOW64) AppleWebKit/537.36 (KHTML, like Gecko) Chrome/48.0.2564.109 Safari/537.36"
::1 - - [11/Feb/2016:19:42:19 -0600] "GET /dashboard/images/favicon.png HTTP/1.1" 200 2508 "http://localhost/dashboard/" "Mozilla/5.0 (Windows NT 6.3; WOW64) AppleWebKit/537.36 (KHTML, like Gecko) Chrome/48.0.2564.109 Safari/537.36"
::1 - - [11/Feb/2016:20:03:11 -0600] "GET / HTTP/1.1" 302 - "-" "Mozilla/5.0 (Windows NT 6.3; WOW64; Trident/7.0; Touch; rv:11.0) like Gecko"
::1 - - [11/Feb/2016:20:03:11 -0600] "GET /dashboard/ HTTP/1.1" 200 6903 "-" "Mozilla/5.0 (Windows NT 6.3; WOW64; Trident/7.0; Touch; rv:11.0) like Gecko"
::1 - - [11/Feb/2016:20:03:11 -0600] "GET /dashboard/stylesheets/normalize.css HTTP/1.1" 200 6876 "http://localhost/dashboard/" "Mozilla/5.0 (Windows NT 6.3; WOW64; Trident/7.0; Touch; rv:11.0) like Gecko"
::1 - - [11/Feb/2016:20:03:11 -0600] "GET /dashboard/stylesheets/all.css HTTP/1.1" 200 481308 "http://localhost/dashboard/" "Mozilla/5.0 (Windows NT 6.3; WOW64; Trident/7.0; Touch; rv:11.0) like Gecko"
::1 - - [11/Feb/2016:20:03:11 -0600] "GET /dashboard/javascripts/modernizr.js HTTP/1.1" 200 51365 "http://localhost/dashboard/" "Mozilla/5.0 (Windows NT 6.3; WOW64; Trident/7.0; Touch; rv:11.0) like Gecko"
::1 - - [11/Feb/2016:20:03:11 -0600] "GET /dashboard/images/fastly-logo.png HTTP/1.1" 200 1770 "http://localhost/dashboard/" "Mozilla/5.0 (Windows NT 6.3; WOW64; Trident/7.0; Touch; rv:11.0) like Gecko"
::1 - - [11/Feb/2016:20:03:11 -0600] "GET /dashboard/images/bitnami-xampp.png HTTP/1.1" 200 22133 "http://localhost/dashboard/" "Mozilla/5.0 (Windows NT 6.3; WOW64; Trident/7.0; Touch; rv:11.0) like Gecko"
::1 - - [11/Feb/2016:20:03:11 -0600] "GET /dashboard/javascripts/all.js HTTP/1.1" 200 189003 "http://localhost/dashboard/" "Mozilla/5.0 (Windows NT 6.3; WOW64; Trident/7.0; Touch; rv:11.0) like Gecko"
::1 - - [11/Feb/2016:20:03:11 -0600] "GET /dashboard/images/xampp-logo.svg HTTP/1.1" 200 5427 "http://localhost/dashboard/" "Mozilla/5.0 (Windows NT 6.3; WOW64; Trident/7.0; Touch; rv:11.0) like Gecko"
::1 - - [11/Feb/2016:20:03:11 -0600] "GET /dashboard/images/social-icons.png HTTP/1.1" 200 3361 "http://localhost/dashboard/" "Mozilla/5.0 (Windows NT 6.3; WOW64; Trident/7.0; Touch; rv:11.0) like Gecko"
::1 - - [11/Feb/2016:20:03:11 -0600] "GET /dashboard/images/favicon.png HTTP/1.1" 200 2508 "-" "Mozilla/5.0 (Windows NT 6.3; WOW64; Trident/7.0; Touch; rv:11.0) like Gecko"
::1 - - [11/Feb/2016:20:03:46 -0600] "GET /dashboard/ HTTP/1.1" 304 - "-" "Mozilla/5.0 (Windows NT 6.3; WOW64) AppleWebKit/537.36 (KHTML, like Gecko) Chrome/48.0.2564.109 Safari/537.36"
::1 - - [11/Feb/2016:20:03:47 -0600] "GET /dashboard/images/xampp-logo.svg HTTP/1.1" 304 - "http://localhost/dashboard/" "Mozilla/5.0 (Windows NT 6.3; WOW64) AppleWebKit/537.36 (KHTML, like Gecko) Chrome/48.0.2564.109 Safari/537.36"
::1 - - [11/Feb/2016:20:03:47 -0600] "GET /dashboard/stylesheets/normalize.css HTTP/1.1" 304 - "http://localhost/dashboard/" "Mozilla/5.0 (Windows NT 6.3; WOW64) AppleWebKit/537.36 (KHTML, like Gecko) Chrome/48.0.2564.109 Safari/537.36"
::1 - - [11/Feb/2016:20:03:47 -0600] "GET /dashboard/stylesheets/all.css HTTP/1.1" 304 - "http://localhost/dashboard/" "Mozilla/5.0 (Windows NT 6.3; WOW64) AppleWebKit/537.36 (KHTML, like Gecko) Chrome/48.0.2564.109 Safari/537.36"
::1 - - [11/Feb/2016:20:03:47 -0600] "GET /dashboard/javascripts/modernizr.js HTTP/1.1" 304 - "http://localhost/dashboard/" "Mozilla/5.0 (Windows NT 6.3; WOW64) AppleWebKit/537.36 (KHTML, like Gecko) Chrome/48.0.2564.109 Safari/537.36"
::1 - - [11/Feb/2016:20:03:47 -0600] "GET /dashboard/javascripts/all.js HTTP/1.1" 304 - "http://localhost/dashboard/" "Mozilla/5.0 (Windows NT 6.3; WOW64) AppleWebKit/537.36 (KHTML, like Gecko) Chrome/48.0.2564.109 Safari/537.36"
::1 - - [11/Feb/2016:20:03:47 -0600] "GET /dashboard/images/bitnami-xampp.png HTTP/1.1" 304 - "http://localhost/dashboard/" "Mozilla/5.0 (Windows NT 6.3; WOW64) AppleWebKit/537.36 (KHTML, like Gecko) Chrome/48.0.2564.109 Safari/537.36"
::1 - - [11/Feb/2016:20:03:47 -0600] "GET /dashboard/images/fastly-logo.png HTTP/1.1" 304 - "http://localhost/dashboard/" "Mozilla/5.0 (Windows NT 6.3; WOW64) AppleWebKit/537.36 (KHTML, like Gecko) Chrome/48.0.2564.109 Safari/537.36"
::1 - - [11/Feb/2016:20:03:47 -0600] "GET /dashboard/images/xampp-logo.svg HTTP/1.1" 200 5427 "http://localhost/dashboard/" "Mozilla/5.0 (Windows NT 6.3; WOW64) AppleWebKit/537.36 (KHTML, like Gecko) Chrome/48.0.2564.109 Safari/537.36"
::1 - - [11/Feb/2016:20:03:47 -0600] "GET /dashboard/images/social-icons.png HTTP/1.1" 304 - "http://localhost/dashboard/" "Mozilla/5.0 (Windows NT 6.3; WOW64) AppleWebKit/537.36 (KHTML, like Gecko) Chrome/48.0.2564.109 Safari/537.36"
::1 - - [11/Feb/2016:20:03:47 -0600] "GET /dashboard/images/favicon.png HTTP/1.1" 200 2508 "http://localhost/dashboard/" "Mozilla/5.0 (Windows NT 6.3; WOW64) AppleWebKit/537.36 (KHTML, like Gecko) Chrome/48.0.2564.109 Safari/537.36"
::1 - - [11/Feb/2016:20:04:03 -0600] "GET /dashboard/index.html HTTP/1.1" 200 6903 "http://localhost/dashboard/" "Mozilla/5.0 (Windows NT 6.3; WOW64) AppleWebKit/537.36 (KHTML, like Gecko) Chrome/48.0.2564.109 Safari/537.36"
::1 - - [11/Feb/2016:20:04:28 -0600] "GET /web HTTP/1.1" 301 328 "-" "Mozilla/5.0 (Windows NT 6.3; WOW64) AppleWebKit/537.36 (KHTML, like Gecko) Chrome/48.0.2564.109 Safari/537.36"
::1 - - [11/Feb/2016:20:04:28 -0600] "GET /web/ HTTP/1.1" 200 1822 "-" "Mozilla/5.0 (Windows NT 6.3; WOW64) AppleWebKit/537.36 (KHTML, like Gecko) Chrome/48.0.2564.109 Safari/537.36"
::1 - - [11/Feb/2016:20:04:28 -0600] "GET /icons/blank.gif HTTP/1.1" 200 148 "http://localhost/web/" "Mozilla/5.0 (Windows NT 6.3; WOW64) AppleWebKit/537.36 (KHTML, like Gecko) Chrome/48.0.2564.109 Safari/537.36"
::1 - - [11/Feb/2016:20:04:28 -0600] "GET /icons/back.gif HTTP/1.1" 200 216 "http://localhost/web/" "Mozilla/5.0 (Windows NT 6.3; WOW64) AppleWebKit/537.36 (KHTML, like Gecko) Chrome/48.0.2564.109 Safari/537.36"
::1 - - [11/Feb/2016:20:04:28 -0600] "GET /icons/folder.gif HTTP/1.1" 200 225 "http://localhost/web/" "Mozilla/5.0 (Windows NT 6.3; WOW64) AppleWebKit/537.36 (KHTML, like Gecko) Chrome/48.0.2564.109 Safari/537.36"
::1 - - [11/Feb/2016:20:04:28 -0600] "GET /icons/text.gif HTTP/1.1" 200 229 "http://localhost/web/" "Mozilla/5.0 (Windows NT 6.3; WOW64) AppleWebKit/537.36 (KHTML, like Gecko) Chrome/48.0.2564.109 Safari/537.36"
::1 - - [11/Feb/2016:20:04:28 -0600] "GET /favicon.ico HTTP/1.1" 200 30894 "http://localhost/web/" "Mozilla/5.0 (Windows NT 6.3; WOW64) AppleWebKit/537.36 (KHTML, like Gecko) Chrome/48.0.2564.109 Safari/537.36"
::1 - - [11/Feb/2016:20:04:32 -0600] "GET /web/Login.HTML HTTP/1.1" 200 2221 "http://localhost/web/" "Mozilla/5.0 (Windows NT 6.3; WOW64) AppleWebKit/537.36 (KHTML, like Gecko) Chrome/48.0.2564.109 Safari/537.36"
::1 - - [11/Feb/2016:20:04:32 -0600] "GET /web/CSS/LoginStyleSheet.css HTTP/1.1" 200 531 "http://localhost/web/Login.HTML" "Mozilla/5.0 (Windows NT 6.3; WOW64) AppleWebKit/537.36 (KHTML, like Gecko) Chrome/48.0.2564.109 Safari/537.36"
::1 - - [11/Feb/2016:20:04:32 -0600] "GET /web/resources/idt_logo.png HTTP/1.1" 200 13464 "http://localhost/web/Login.HTML" "Mozilla/5.0 (Windows NT 6.3; WOW64) AppleWebKit/537.36 (KHTML, like Gecko) Chrome/48.0.2564.109 Safari/537.36"
::1 - - [11/Feb/2016:20:04:32 -0600] "GET /web/Javascript/serverPostRequest.js HTTP/1.1" 200 670 "http://localhost/web/Login.HTML" "Mozilla/5.0 (Windows NT 6.3; WOW64) AppleWebKit/537.36 (KHTML, like Gecko) Chrome/48.0.2564.109 Safari/537.36"
::1 - - [11/Feb/2016:20:04:46 -0600] "GET /web/mainPage.html HTTP/1.1" 200 3737 "http://localhost/web/Login.HTML" "Mozilla/5.0 (Windows NT 6.3; WOW64) AppleWebKit/537.36 (KHTML, like Gecko) Chrome/48.0.2564.109 Safari/537.36"
::1 - - [11/Feb/2016:20:04:46 -0600] "GET /web/JavaScript/serverPostRequest.js HTTP/1.1" 200 670 "http://localhost/web/mainPage.html" "Mozilla/5.0 (Windows NT 6.3; WOW64) AppleWebKit/537.36 (KHTML, like Gecko) Chrome/48.0.2564.109 Safari/537.36"
::1 - - [11/Feb/2016:20:04:46 -0600] "GET /web/CSS/MainStyleSheet.css HTTP/1.1" 200 1416 "http://localhost/web/mainPage.html" "Mozilla/5.0 (Windows NT 6.3; WOW64) AppleWebKit/537.36 (KHTML, like Gecko) Chrome/48.0.2564.109 Safari/537.36"
::1 - - [11/Feb/2016:20:04:46 -0600] "GET /web/javascript/mapManager.js HTTP/1.1" 200 6598 "http://localhost/web/mainPage.html" "Mozilla/5.0 (Windows NT 6.3; WOW64) AppleWebKit/537.36 (KHTML, like Gecko) Chrome/48.0.2564.109 Safari/537.36"
::1 - - [11/Feb/2016:20:04:47 -0600] "GET /web/Login.html HTTP/1.1" 200 2221 "http://localhost/web/mainPage.html" "Mozilla/5.0 (Windows NT 6.3; WOW64) AppleWebKit/537.36 (KHTML, like Gecko) Chrome/48.0.2564.109 Safari/537.36"
::1 - - [11/Feb/2016:20:06:49 -0600] "GET /web/Login.html HTTP/1.1" 200 2225 "http://localhost/web/mainPage.html" "Mozilla/5.0 (Windows NT 6.3; WOW64) AppleWebKit/537.36 (KHTML, like Gecko) Chrome/48.0.2564.109 Safari/537.36"
::1 - - [11/Feb/2016:20:06:49 -0600] "GET /web/CSS/LoginStyleSheet.css HTTP/1.1" 304 - "http://localhost/web/Login.html" "Mozilla/5.0 (Windows NT 6.3; WOW64) AppleWebKit/537.36 (KHTML, like Gecko) Chrome/48.0.2564.109 Safari/537.36"
::1 - - [11/Feb/2016:20:06:49 -0600] "GET /web/Javascript/serverPostRequest.js HTTP/1.1" 304 - "http://localhost/web/Login.html" "Mozilla/5.0 (Windows NT 6.3; WOW64) AppleWebKit/537.36 (KHTML, like Gecko) Chrome/48.0.2564.109 Safari/537.36"
::1 - - [11/Feb/2016:20:06:49 -0600] "GET /web/resources/idt_logo.png HTTP/1.1" 304 - "http://localhost/web/Login.html" "Mozilla/5.0 (Windows NT 6.3; WOW64) AppleWebKit/537.36 (KHTML, like Gecko) Chrome/48.0.2564.109 Safari/537.36"
::1 - - [11/Feb/2016:20:07:55 -0600] "GET /web/Login.html HTTP/1.1" 304 - "http://localhost/web/mainPage.html" "Mozilla/5.0 (Windows NT 6.3; WOW64) AppleWebKit/537.36 (KHTML, like Gecko) Chrome/48.0.2564.109 Safari/537.36"
::1 - - [11/Feb/2016:20:07:55 -0600] "GET /web/CSS/LoginStyleSheet.css HTTP/1.1" 304 - "http://localhost/web/Login.html" "Mozilla/5.0 (Windows NT 6.3; WOW64) AppleWebKit/537.36 (KHTML, like Gecko) Chrome/48.0.2564.109 Safari/537.36"
::1 - - [11/Feb/2016:20:07:55 -0600] "GET /web/resources/idt_logo.png HTTP/1.1" 304 - "http://localhost/web/Login.html" "Mozilla/5.0 (Windows NT 6.3; WOW64) AppleWebKit/537.36 (KHTML, like Gecko) Chrome/48.0.2564.109 Safari/537.36"
::1 - - [11/Feb/2016:20:07:55 -0600] "GET /web/Javascript/serverPostRequest.js HTTP/1.1" 200 397 "http://localhost/web/Login.html" "Mozilla/5.0 (Windows NT 6.3; WOW64) AppleWebKit/537.36 (KHTML, like Gecko) Chrome/48.0.2564.109 Safari/537.36"
::1 - - [11/Feb/2016:20:08:15 -0600] "GET /web/Login.html HTTP/1.1" 200 2221 "http://localhost/web/mainPage.html" "Mozilla/5.0 (Windows NT 6.3; WOW64) AppleWebKit/537.36 (KHTML, like Gecko) Chrome/48.0.2564.109 Safari/537.36"
::1 - - [11/Feb/2016:20:08:16 -0600] "GET /web/CSS/LoginStyleSheet.css HTTP/1.1" 304 - "http://localhost/web/Login.html" "Mozilla/5.0 (Windows NT 6.3; WOW64) AppleWebKit/537.36 (KHTML, like Gecko) Chrome/48.0.2564.109 Safari/537.36"
::1 - - [11/Feb/2016:20:08:16 -0600] "GET /web/resources/idt_logo.png HTTP/1.1" 304 - "http://localhost/web/Login.html" "Mozilla/5.0 (Windows NT 6.3; WOW64) AppleWebKit/537.36 (KHTML, like Gecko) Chrome/48.0.2564.109 Safari/537.36"
::1 - - [11/Feb/2016:20:08:16 -0600] "GET /web/Javascript/serverPostRequest.js HTTP/1.1" 304 - "http://localhost/web/Login.html" "Mozilla/5.0 (Windows NT 6.3; WOW64) AppleWebKit/537.36 (KHTML, like Gecko) Chrome/48.0.2564.109 Safari/537.36"
::1 - - [11/Feb/2016:20:08:17 -0600] "GET /web/Login.html HTTP/1.1" 304 - "http://localhost/web/mainPage.html" "Mozilla/5.0 (Windows NT 6.3; WOW64) AppleWebKit/537.36 (KHTML, like Gecko) Chrome/48.0.2564.109 Safari/537.36"
::1 - - [11/Feb/2016:20:08:20 -0600] "GET /web/Login.html HTTP/1.1" 304 - "http://localhost/web/mainPage.html" "Mozilla/5.0 (Windows NT 6.3; WOW64) AppleWebKit/537.36 (KHTML, like Gecko) Chrome/48.0.2564.109 Safari/537.36"
::1 - - [11/Feb/2016:20:08:20 -0600] "GET /web/Javascript/serverPostRequest.js HTTP/1.1" 304 - "http://localhost/web/Login.html" "Mozilla/5.0 (Windows NT 6.3; WOW64) AppleWebKit/537.36 (KHTML, like Gecko) Chrome/48.0.2564.109 Safari/537.36"
::1 - - [11/Feb/2016:20:08:59 -0600] "GET /web/Login.html HTTP/1.1" 304 - "http://localhost/web/mainPage.html" "Mozilla/5.0 (Windows NT 6.3; WOW64) AppleWebKit/537.36 (KHTML, like Gecko) Chrome/48.0.2564.109 Safari/537.36"
::1 - - [11/Feb/2016:20:08:59 -0600] "GET /web/CSS/LoginStyleSheet.css HTTP/1.1" 304 - "http://localhost/web/Login.html" "Mozilla/5.0 (Windows NT 6.3; WOW64) AppleWebKit/537.36 (KHTML, like Gecko) Chrome/48.0.2564.109 Safari/537.36"
::1 - - [11/Feb/2016:20:08:59 -0600] "GET /web/resources/idt_logo.png HTTP/1.1" 304 - "http://localhost/web/Login.html" "Mozilla/5.0 (Windows NT 6.3; WOW64) AppleWebKit/537.36 (KHTML, like Gecko) Chrome/48.0.2564.109 Safari/537.36"
::1 - - [11/Feb/2016:20:08:59 -0600] "GET /web/Javascript/serverPostRequest.js HTTP/1.1" 304 - "http://localhost/web/Login.html" "Mozilla/5.0 (Windows NT 6.3; WOW64) AppleWebKit/537.36 (KHTML, like Gecko) Chrome/48.0.2564.109 Safari/537.36"
::1 - - [11/Feb/2016:20:09:04 -0600] "GET /web/Login.html HTTP/1.1" 304 - "http://localhost/web/mainPage.html" "Mozilla/5.0 (Windows NT 6.3; WOW64) AppleWebKit/537.36 (KHTML, like Gecko) Chrome/48.0.2564.109 Safari/537.36"
::1 - - [11/Feb/2016:20:09:44 -0600] "GET /web/Login.html HTTP/1.1" 304 - "http://localhost/web/mainPage.html" "Mozilla/5.0 (Windows NT 6.3; WOW64) AppleWebKit/537.36 (KHTML, like Gecko) Chrome/48.0.2564.109 Safari/537.36"
::1 - - [11/Feb/2016:20:09:44 -0600] "GET /web/Javascript/serverPostRequest.js HTTP/1.1" 304 - "http://localhost/web/Login.html" "Mozilla/5.0 (Windows NT 6.3; WOW64) AppleWebKit/537.36 (KHTML, like Gecko) Chrome/48.0.2564.109 Safari/537.36"
::1 - - [11/Feb/2016:20:09:46 -0600] "GET /web/Login.html HTTP/1.1" 304 - "http://localhost/web/mainPage.html" "Mozilla/5.0 (Windows NT 6.3; WOW64) AppleWebKit/537.36 (KHTML, like Gecko) Chrome/48.0.2564.109 Safari/537.36"
::1 - - [11/Feb/2016:20:09:46 -0600] "GET /web/CSS/LoginStyleSheet.css HTTP/1.1" 304 - "http://localhost/web/Login.html" "Mozilla/5.0 (Windows NT 6.3; WOW64) AppleWebKit/537.36 (KHTML, like Gecko) Chrome/48.0.2564.109 Safari/537.36"
::1 - - [11/Feb/2016:20:09:46 -0600] "GET /web/Javascript/serverPostRequest.js HTTP/1.1" 304 - "http://localhost/web/Login.html" "Mozilla/5.0 (Windows NT 6.3; WOW64) AppleWebKit/537.36 (KHTML, like Gecko) Chrome/48.0.2564.109 Safari/537.36"
::1 - - [11/Feb/2016:20:09:46 -0600] "GET /web/resources/idt_logo.png HTTP/1.1" 304 - "http://localhost/web/Login.html" "Mozilla/5.0 (Windows NT 6.3; WOW64) AppleWebKit/537.36 (KHTML, like Gecko) Chrome/48.0.2564.109 Safari/537.36"
::1 - - [11/Feb/2016:22:14:30 -0600] "GET /web/Login.html HTTP/1.1" 304 - "-" "Mozilla/5.0 (Windows NT 6.3; WOW64) AppleWebKit/537.36 (KHTML, like Gecko) Chrome/48.0.2564.109 Safari/537.36"
::1 - - [11/Feb/2016:22:14:30 -0600] "GET /web/Javascript/serverPostRequest.js HTTP/1.1" 304 - "http://localhost/web/Login.html" "Mozilla/5.0 (Windows NT 6.3; WOW64) AppleWebKit/537.36 (KHTML, like Gecko) Chrome/48.0.2564.109 Safari/537.36"
::1 - - [11/Feb/2016:22:17:10 -0600] "GET /web/Login.html HTTP/1.1" 304 - "-" "Mozilla/5.0 (Windows NT 6.3; WOW64) AppleWebKit/537.36 (KHTML, like Gecko) Chrome/48.0.2564.109 Safari/537.36"
::1 - - [11/Feb/2016:22:17:10 -0600] "GET /web/CSS/LoginStyleSheet.css HTTP/1.1" 304 - "http://localhost/web/Login.html" "Mozilla/5.0 (Windows NT 6.3; WOW64) AppleWebKit/537.36 (KHTML, like Gecko) Chrome/48.0.2564.109 Safari/537.36"
::1 - - [11/Feb/2016:22:17:10 -0600] "GET /web/resources/idt_logo.png HTTP/1.1" 304 - "http://localhost/web/Login.html" "Mozilla/5.0 (Windows NT 6.3; WOW64) AppleWebKit/537.36 (KHTML, like Gecko) Chrome/48.0.2564.109 Safari/537.36"
::1 - - [11/Feb/2016:22:17:10 -0600] "GET /web/Javascript/serverPostRequest.js HTTP/1.1" 304 - "http://localhost/web/Login.html" "Mozilla/5.0 (Windows NT 6.3; WOW64) AppleWebKit/537.36 (KHTML, like Gecko) Chrome/48.0.2564.109 Safari/537.36"
::1 - - [11/Feb/2016:22:17:10 -0600] "GET /favicon.ico HTTP/1.1" 200 30894 "http://localhost/web/Login.html" "Mozilla/5.0 (Windows NT 6.3; WOW64) AppleWebKit/537.36 (KHTML, like Gecko) Chrome/48.0.2564.109 Safari/537.36"
